Analysis & Synthesis report for Project2
Sat Oct 17 21:53:07 2015
Quartus II 64-Bit Version 13.0.1 Build 232 06/12/2013 Service Pack 1 SJ Web Edition


---------------------
; Table of Contents ;
---------------------
  1. Legal Notice
  2. Analysis & Synthesis Summary
  3. Analysis & Synthesis Settings
  4. Parallel Compilation
  5. Analysis & Synthesis IP Cores Summary
  6. Analysis & Synthesis Messages



----------------
; Legal Notice ;
----------------
Copyright (C) 1991-2013 Altera Corporation
Your use of Altera Corporation's design tools, logic functions 
and other software and tools, and its AMPP partner logic 
functions, and any output files from any of the foregoing 
(including device programming or simulation files), and any 
associated documentation or information are expressly subject 
to the terms and conditions of the Altera Program License 
Subscription Agreement, Altera MegaCore Function License 
Agreement, or other applicable license agreement, including, 
without limitation, that your use is for the sole purpose of 
programming logic devices manufactured by Altera and sold by 
Altera or its authorized distributors.  Please refer to the 
applicable agreement for further details.



+--------------------------------------------------------------------------------------+
; Analysis & Synthesis Summary                                                         ;
+------------------------------------+-------------------------------------------------+
; Analysis & Synthesis Status        ; Failed - Sat Oct 17 21:53:07 2015               ;
; Quartus II 64-Bit Version          ; 13.0.1 Build 232 06/12/2013 SP 1 SJ Web Edition ;
; Revision Name                      ; Project2                                        ;
; Top-level Entity Name              ; Project2                                        ;
; Family                             ; Cyclone II                                      ;
; Total logic elements               ; N/A until Partition Merge                       ;
;     Total combinational functions  ; N/A until Partition Merge                       ;
;     Dedicated logic registers      ; N/A until Partition Merge                       ;
; Total registers                    ; N/A until Partition Merge                       ;
; Total pins                         ; N/A until Partition Merge                       ;
; Total virtual pins                 ; N/A until Partition Merge                       ;
; Total memory bits                  ; N/A until Partition Merge                       ;
; Embedded Multiplier 9-bit elements ; N/A until Partition Merge                       ;
; Total PLLs                         ; N/A until Partition Merge                       ;
+------------------------------------+-------------------------------------------------+


+----------------------------------------------------------------------------------------------------------------------+
; Analysis & Synthesis Settings                                                                                        ;
+----------------------------------------------------------------------------+--------------------+--------------------+
; Option                                                                     ; Setting            ; Default Value      ;
+----------------------------------------------------------------------------+--------------------+--------------------+
; Device                                                                     ; EP2C20F484C7       ;                    ;
; Top-level entity name                                                      ; Project2           ; Project2           ;
; Family name                                                                ; Cyclone II         ; Cyclone IV GX      ;
; Use smart compilation                                                      ; On                 ; Off                ;
; Preserve fewer node names                                                  ; Off                ; On                 ;
; Add Pass-Through Logic to Inferred RAMs                                    ; Off                ; On                 ;
; Remove Redundant Logic Cells                                               ; On                 ; Off                ;
; Optimization Technique                                                     ; Speed              ; Balanced           ;
; Auto RAM to Logic Cell Conversion                                          ; On                 ; Off                ;
; Allow Any RAM Size For Recognition                                         ; On                 ; Off                ;
; Allow Any ROM Size For Recognition                                         ; On                 ; Off                ;
; Timing-Driven Synthesis                                                    ; On                 ; Off                ;
; Enable parallel Assembler and TimeQuest Timing Analyzer during compilation ; On                 ; On                 ;
; Enable compact report table                                                ; Off                ; Off                ;
; Restructure Multiplexers                                                   ; Auto               ; Auto               ;
; Create Debugging Nodes for IP Cores                                        ; Off                ; Off                ;
; Disable OpenCore Plus hardware evaluation                                  ; Off                ; Off                ;
; Verilog Version                                                            ; Verilog_2001       ; Verilog_2001       ;
; VHDL Version                                                               ; VHDL_1993          ; VHDL_1993          ;
; State Machine Processing                                                   ; Auto               ; Auto               ;
; Safe State Machine                                                         ; Off                ; Off                ;
; Extract Verilog State Machines                                             ; On                 ; On                 ;
; Extract VHDL State Machines                                                ; On                 ; On                 ;
; Ignore Verilog initial constructs                                          ; Off                ; Off                ;
; Iteration limit for constant Verilog loops                                 ; 5000               ; 5000               ;
; Iteration limit for non-constant Verilog loops                             ; 250                ; 250                ;
; Infer RAMs from Raw Logic                                                  ; On                 ; On                 ;
; Parallel Synthesis                                                         ; On                 ; On                 ;
; DSP Block Balancing                                                        ; Auto               ; Auto               ;
; NOT Gate Push-Back                                                         ; On                 ; On                 ;
; Power-Up Don't Care                                                        ; On                 ; On                 ;
; Remove Duplicate Registers                                                 ; On                 ; On                 ;
; Ignore CARRY Buffers                                                       ; Off                ; Off                ;
; Ignore CASCADE Buffers                                                     ; Off                ; Off                ;
; Ignore GLOBAL Buffers                                                      ; Off                ; Off                ;
; Ignore ROW GLOBAL Buffers                                                  ; Off                ; Off                ;
; Ignore LCELL Buffers                                                       ; Off                ; Off                ;
; Ignore SOFT Buffers                                                        ; On                 ; On                 ;
; Limit AHDL Integers to 32 Bits                                             ; Off                ; Off                ;
; Carry Chain Length                                                         ; 70                 ; 70                 ;
; Auto Carry Chains                                                          ; On                 ; On                 ;
; Auto Open-Drain Pins                                                       ; On                 ; On                 ;
; Perform WYSIWYG Primitive Resynthesis                                      ; Off                ; Off                ;
; Auto ROM Replacement                                                       ; On                 ; On                 ;
; Auto RAM Replacement                                                       ; On                 ; On                 ;
; Auto Shift Register Replacement                                            ; Auto               ; Auto               ;
; Allow Shift Register Merging across Hierarchies                            ; Auto               ; Auto               ;
; Auto Clock Enable Replacement                                              ; On                 ; On                 ;
; Strict RAM Replacement                                                     ; Off                ; Off                ;
; Allow Synchronous Control Signals                                          ; On                 ; On                 ;
; Force Use of Synchronous Clear Signals                                     ; Off                ; Off                ;
; Auto Resource Sharing                                                      ; Off                ; Off                ;
; Allow Any Shift Register Size For Recognition                              ; Off                ; Off                ;
; Use LogicLock Constraints during Resource Balancing                        ; On                 ; On                 ;
; Ignore translate_off and synthesis_off directives                          ; Off                ; Off                ;
; Report Parameter Settings                                                  ; On                 ; On                 ;
; Report Source Assignments                                                  ; On                 ; On                 ;
; Report Connectivity Checks                                                 ; On                 ; On                 ;
; Ignore Maximum Fan-Out Assignments                                         ; Off                ; Off                ;
; Synchronization Register Chain Length                                      ; 2                  ; 2                  ;
; PowerPlay Power Optimization                                               ; Normal compilation ; Normal compilation ;
; HDL message level                                                          ; Level2             ; Level2             ;
; Suppress Register Optimization Related Messages                            ; Off                ; Off                ;
; Number of Removed Registers Reported in Synthesis Report                   ; 5000               ; 5000               ;
; Number of Swept Nodes Reported in Synthesis Report                         ; 5000               ; 5000               ;
; Number of Inverted Registers Reported in Synthesis Report                  ; 100                ; 100                ;
; Clock MUX Protection                                                       ; On                 ; On                 ;
; Auto Gated Clock Conversion                                                ; Off                ; Off                ;
; Block Design Naming                                                        ; Auto               ; Auto               ;
; SDC constraint protection                                                  ; Off                ; Off                ;
; Synthesis Effort                                                           ; Auto               ; Auto               ;
; Shift Register Replacement - Allow Asynchronous Clear Signal               ; On                 ; On                 ;
; Pre-Mapping Resynthesis Optimization                                       ; Off                ; Off                ;
; Analysis & Synthesis Message Level                                         ; Medium             ; Medium             ;
; Disable Register Merging Across Hierarchies                                ; Auto               ; Auto               ;
; Resource Aware Inference For Block RAM                                     ; On                 ; On                 ;
; Synthesis Seed                                                             ; 1                  ; 1                  ;
+----------------------------------------------------------------------------+--------------------+--------------------+


Parallel compilation was disabled, but you have multiple processors available. Enable parallel compilation to reduce compilation time.
+-------------------------------------+
; Parallel Compilation                ;
+----------------------------+--------+
; Processors                 ; Number ;
+----------------------------+--------+
; Number detected on machine ; 8      ;
; Maximum allowed            ; 1      ;
+----------------------------+--------+


+------------------------------------------------------------------------------------------------------------------------------------------------+
; Analysis & Synthesis IP Cores Summary                                                                                                          ;
+--------+--------------+---------+--------------+--------------+------------------------+-------------------------------------------------------+
; Vendor ; IP Core Name ; Version ; Release Date ; License Type ; Entity Instance        ; IP Include File                                       ;
+--------+--------------+---------+--------------+--------------+------------------------+-------------------------------------------------------+
; Altera ; ALTPLL       ; 13.0    ; N/A          ; N/A          ; |Project2|PLL:PLL_inst ; D:/Dropbox/Fall 2015/CS 3220/Project-2---CS3220/PLL.v ;
+--------+--------------+---------+--------------+--------------+------------------------+-------------------------------------------------------+


+-------------------------------+
; Analysis & Synthesis Messages ;
+-------------------------------+
Info: *******************************************************************
Info: Running Quartus II 64-Bit Analysis & Synthesis
    Info: Version 13.0.1 Build 232 06/12/2013 Service Pack 1 SJ Web Edition
    Info: Processing started: Sat Oct 17 21:53:07 2015
Info: Command: quartus_map --read_settings_files=on --write_settings_files=off Project2 -c Project2
Warning (20028): Parallel compilation is not licensed and has been disabled
Info (12021): Found 1 design units, including 1 entities, in source file project2.v
    Info (12023): Found entity 1: Project2
Warning (12019): Can't analyze file -- file SevenSeg.v is missing
Info (12021): Found 1 design units, including 1 entities, in source file pll.v
    Info (12023): Found entity 1: PLL
Info (12127): Elaborating entity "Project2" for the top level hierarchy
Info (12128): Elaborating entity "PLL" for hierarchy "PLL:PLL_inst"
Info (12128): Elaborating entity "altpll" for hierarchy "PLL:PLL_inst|altpll:altpll_component"
Info (12130): Elaborated megafunction instantiation "PLL:PLL_inst|altpll:altpll_component"
Info (12133): Instantiated megafunction "PLL:PLL_inst|altpll:altpll_component" with the following parameter:
    Info (12134): Parameter "clk0_divide_by" = "5"
    Info (12134): Parameter "clk0_duty_cycle" = "50"
    Info (12134): Parameter "clk0_multiply_by" = "1"
    Info (12134): Parameter "clk0_phase_shift" = "0"
    Info (12134): Parameter "compensate_clock" = "CLK0"
    Info (12134): Parameter "gate_lock_counter" = "5000"
    Info (12134): Parameter "gate_lock_signal" = "YES"
    Info (12134): Parameter "inclk0_input_frequency" = "20000"
    Info (12134): Parameter "intended_device_family" = "Cyclone II"
    Info (12134): Parameter "invalid_lock_multiplier" = "5"
    Info (12134): Parameter "lpm_hint" = "CBX_MODULE_PREFIX=PLL"
    Info (12134): Parameter "lpm_type" = "altpll"
    Info (12134): Parameter "operation_mode" = "NORMAL"
    Info (12134): Parameter "port_activeclock" = "PORT_UNUSED"
    Info (12134): Parameter "port_areset" = "PORT_UNUSED"
    Info (12134): Parameter "port_clkbad0" = "PORT_UNUSED"
    Info (12134): Parameter "port_clkbad1" = "PORT_UNUSED"
    Info (12134): Parameter "port_clkloss" = "PORT_UNUSED"
    Info (12134): Parameter "port_clkswitch" = "PORT_UNUSED"
    Info (12134): Parameter "port_configupdate" = "PORT_UNUSED"
    Info (12134): Parameter "port_fbin" = "PORT_UNUSED"
    Info (12134): Parameter "port_inclk0" = "PORT_USED"
    Info (12134): Parameter "port_inclk1" = "PORT_UNUSED"
    Info (12134): Parameter "port_locked" = "PORT_USED"
    Info (12134): Parameter "port_pfdena" = "PORT_UNUSED"
    Info (12134): Parameter "port_phasecounterselect" = "PORT_UNUSED"
    Info (12134): Parameter "port_phasedone" = "PORT_UNUSED"
    Info (12134): Parameter "port_phasestep" = "PORT_UNUSED"
    Info (12134): Parameter "port_phaseupdown" = "PORT_UNUSED"
    Info (12134): Parameter "port_pllena" = "PORT_UNUSED"
    Info (12134): Parameter "port_scanaclr" = "PORT_UNUSED"
    Info (12134): Parameter "port_scanclk" = "PORT_UNUSED"
    Info (12134): Parameter "port_scanclkena" = "PORT_UNUSED"
    Info (12134): Parameter "port_scandata" = "PORT_UNUSED"
    Info (12134): Parameter "port_scandataout" = "PORT_UNUSED"
    Info (12134): Parameter "port_scandone" = "PORT_UNUSED"
    Info (12134): Parameter "port_scanread" = "PORT_UNUSED"
    Info (12134): Parameter "port_scanwrite" = "PORT_UNUSED"
    Info (12134): Parameter "port_clk0" = "PORT_USED"
    Info (12134): Parameter "port_clk1" = "PORT_UNUSED"
    Info (12134): Parameter "port_clk2" = "PORT_UNUSED"
    Info (12134): Parameter "port_clk3" = "PORT_UNUSED"
    Info (12134): Parameter "port_clk4" = "PORT_UNUSED"
    Info (12134): Parameter "port_clk5" = "PORT_UNUSED"
    Info (12134): Parameter "port_clkena0" = "PORT_UNUSED"
    Info (12134): Parameter "port_clkena1" = "PORT_UNUSED"
    Info (12134): Parameter "port_clkena2" = "PORT_UNUSED"
    Info (12134): Parameter "port_clkena3" = "PORT_UNUSED"
    Info (12134): Parameter "port_clkena4" = "PORT_UNUSED"
    Info (12134): Parameter "port_clkena5" = "PORT_UNUSED"
    Info (12134): Parameter "port_extclk0" = "PORT_UNUSED"
    Info (12134): Parameter "port_extclk1" = "PORT_UNUSED"
    Info (12134): Parameter "port_extclk2" = "PORT_UNUSED"
    Info (12134): Parameter "port_extclk3" = "PORT_UNUSED"
    Info (12134): Parameter "valid_lock_multiplier" = "1"
Warning (12125): Using design file register.v, which is not specified as a design file for the current project, but contains definitions for 1 design units and 1 entities in project
    Info (12023): Found entity 1: Register
Info (12128): Elaborating entity "Register" for hierarchy "Register:pc"
Warning (12125): Using design file instmemory.v, which is not specified as a design file for the current project, but contains definitions for 1 design units and 1 entities in project
    Info (12023): Found entity 1: InstMemory
Info (12128): Elaborating entity "InstMemory" for hierarchy "InstMemory:instMem"
Warning (10858): Verilog HDL warning at instmemory.v(11): object data used but never assigned
Error (12006): Node instance "regMux" instantiates undefined entity "TwoPortMux" File: D:/Dropbox/Fall 2015/CS 3220/Project-2---CS3220/Project2.v Line: 51
Error (12006): Node instance "extender" instantiates undefined entity "SignExtension" File: D:/Dropbox/Fall 2015/CS 3220/Project-2---CS3220/Project2.v Line: 57
Error (12006): Node instance "registers" instantiates undefined entity "AsyncRegister" File: D:/Dropbox/Fall 2015/CS 3220/Project-2---CS3220/Project2.v Line: 63
Error (12006): Node instance "argMux" instantiates undefined entity "TwoPortMux" File: D:/Dropbox/Fall 2015/CS 3220/Project-2---CS3220/Project2.v Line: 67
Error (12006): Node instance "alu" instantiates undefined entity "ALU" File: D:/Dropbox/Fall 2015/CS 3220/Project-2---CS3220/Project2.v Line: 71
Error (12006): Node instance "dataMem" instantiates undefined entity "DataMemory" File: D:/Dropbox/Fall 2015/CS 3220/Project-2---CS3220/Project2.v Line: 75
Error (12006): Node instance "ioHex" instantiates undefined entity "MemoryMappedIO" File: D:/Dropbox/Fall 2015/CS 3220/Project-2---CS3220/Project2.v Line: 90
Error (12006): Node instance "ioLedR" instantiates undefined entity "MemoryMappedIO" File: D:/Dropbox/Fall 2015/CS 3220/Project-2---CS3220/Project2.v Line: 91
Error (12006): Node instance "ioLedG" instantiates undefined entity "MemoryMappedIO" File: D:/Dropbox/Fall 2015/CS 3220/Project-2---CS3220/Project2.v Line: 92
Error (12006): Node instance "hexConv3" instantiates undefined entity "SevenSeg" File: D:/Dropbox/Fall 2015/CS 3220/Project-2---CS3220/Project2.v Line: 96
Error (12006): Node instance "hexConv2" instantiates undefined entity "SevenSeg" File: D:/Dropbox/Fall 2015/CS 3220/Project-2---CS3220/Project2.v Line: 97
Error (12006): Node instance "hexConv1" instantiates undefined entity "SevenSeg" File: D:/Dropbox/Fall 2015/CS 3220/Project-2---CS3220/Project2.v Line: 98
Error (12006): Node instance "hexConv0" instantiates undefined entity "SevenSeg" File: D:/Dropbox/Fall 2015/CS 3220/Project-2---CS3220/Project2.v Line: 99
Error (12006): Node instance "regInMux" instantiates undefined entity "FourPortMux" File: D:/Dropbox/Fall 2015/CS 3220/Project-2---CS3220/Project2.v Line: 102
Error (12006): Node instance "pcMux" instantiates undefined entity "FourPortMux" File: D:/Dropbox/Fall 2015/CS 3220/Project-2---CS3220/Project2.v Line: 108
Error (12006): Node instance "decoder" instantiates undefined entity "Decoder" File: D:/Dropbox/Fall 2015/CS 3220/Project-2---CS3220/Project2.v Line: 118
Error: Quartus II 64-Bit Analysis & Synthesis was unsuccessful. 16 errors, 5 warnings
    Error: Peak virtual memory: 479 megabytes
    Error: Processing ended: Sat Oct 17 21:53:08 2015
    Error: Elapsed time: 00:00:01
    Error: Total CPU time (on all processors): 00:00:01


